<?xml version="1.0" encoding="UTF-8"?>
<testsuite xmlns:xsi="http://www.w3.org/2001/XMLSchema-instance" xsi:noNamespaceSchemaLocation="https://maven.apache.org/surefire/maven-surefire-plugin/xsd/surefire-test-report-3.0.xsd" version="3.0" name="com.robear.portfolio.unit.controller.HelloWorldControllerTest" time="0.363" tests="1" errors="0" skipped="0" failures="0">
  <properties>
[...]
</properties>
  <testcase name="getHello" classname="com.robear.portfolio.unit.controller.HelloWorldControllerTest" time="0.02">
    <system-out><![CDATA[2024-09-26T21:43:00.914-04:00  INFO 21560 --- [           main] t.c.s.AnnotationConfigContextLoaderUtils : Could not detect default configuration classes for test class [com.robear.portfolio.unit.controller.HelloWorldControllerTest]: HelloWorldControllerTest does not declare any static, non-private, non-final, nested classes annotated with @Configuration.
2024-09-26T21:43:00.931-04:00  INFO 21560 --- [           main] .b.t.c.SpringBootTestContextBootstrapper : Found @SpringBootConfiguration com.robear.portfolio.PortfolioApplication for test class com.robear.portfolio.unit.controller.HelloWorldControllerTest

  .   ____          _            __ _ _
 /\\ / ___'_ __ _ _(_)_ __  __ _ \ \ \ \
( ( )\___ | '_ | '_| | '_ \/ _` | \ \ \ \
 \\/  ___)| |_)| | | | | || (_| |  ) ) ) )
  '  |____| .__|_| |_|_| |_\__, | / / / /
 =========|_|==============|___/=/_/_/_/

 :: Spring Boot ::                (v3.3.4)

2024-09-26T21:43:00.946-04:00  INFO 21560 --- [           main] c.r.p.u.c.HelloWorldControllerTest       : Starting HelloWorldControllerTest using Java 21.0.4 with PID 21560 (started by rober in C:\Projects\portfolio\portfolio)
2024-09-26T21:43:00.946-04:00  INFO 21560 --- [           main] c.r.p.u.c.HelloWorldControllerTest       : No active profile set, falling back to 1 default profile: "default"
2024-09-26T21:43:01.045-04:00  INFO 21560 --- [           main] .s.d.r.c.RepositoryConfigurationDelegate : Bootstrapping Spring Data JPA repositories in DEFAULT mode.
2024-09-26T21:43:01.049-04:00  INFO 21560 --- [           main] .s.d.r.c.RepositoryConfigurationDelegate : Finished Spring Data repository scanning in 3 ms. Found 1 JPA repository interface.
2024-09-26T21:43:01.104-04:00  INFO 21560 --- [           main] o.hibernate.jpa.internal.util.LogHelper  : HHH000204: Processing PersistenceUnitInfo [name: default]
2024-09-26T21:43:01.116-04:00  INFO 21560 --- [           main] o.s.o.j.p.SpringPersistenceUnitInfo      : No LoadTimeWeaver setup: ignoring JPA class transformer
2024-09-26T21:43:01.119-04:00  INFO 21560 --- [           main] com.zaxxer.hikari.HikariDataSource       : HikariPool-3 - Starting...
2024-09-26T21:43:01.119-04:00  INFO 21560 --- [           main] com.zaxxer.hikari.pool.HikariPool        : HikariPool-3 - Added connection org.sqlite.jdbc4.JDBC4Connection@73daf6a6
2024-09-26T21:43:01.119-04:00  INFO 21560 --- [           main] com.zaxxer.hikari.HikariDataSource       : HikariPool-3 - Start completed.
2024-09-26T21:43:01.120-04:00  INFO 21560 --- [           main] org.hibernate.orm.connections.pooling    : HHH10001005: Database info:
	Database JDBC URL [Connecting through datasourcenull]
	Database driver: undefined/unknown
	Database version: 3.25.2
	Autocommit mode: undefined/unknown
	Isolation level: undefined/unknown
	Minimum pool size: undefined/unknown
	Maximum pool size: undefined/unknown
2024-09-26T21:43:01.141-04:00  INFO 21560 --- [           main] o.h.e.t.j.p.i.JtaPlatformInitiator       : HHH000489: No JTA platform available (set 'hibernate.transaction.jta.platform' to enable JTA platform integration)
2024-09-26T21:43:01.143-04:00  INFO 21560 --- [           main] j.LocalContainerEntityManagerFactoryBean : Initialized JPA EntityManagerFactory for persistence unit 'default'
2024-09-26T21:43:01.163-04:00  WARN 21560 --- [           main] JpaBaseConfiguration$JpaWebConfiguration : spring.jpa.open-in-view is enabled by default. Therefore, database queries may be performed during view rendering. Explicitly configure spring.jpa.open-in-view to disable this warning
2024-09-26T21:43:01.249-04:00  INFO 21560 --- [           main] o.s.b.t.m.w.SpringBootMockServletContext : Initializing Spring TestDispatcherServlet ''
2024-09-26T21:43:01.249-04:00  INFO 21560 --- [           main] o.s.t.web.servlet.TestDispatcherServlet  : Initializing Servlet ''
2024-09-26T21:43:01.250-04:00  INFO 21560 --- [           main] o.s.t.web.servlet.TestDispatcherServlet  : Completed initialization in 0 ms
2024-09-26T21:43:01.254-04:00  INFO 21560 --- [           main] c.r.p.u.c.HelloWorldControllerTest       : Started HelloWorldControllerTest in 0.321 seconds (process running for 4.542)
Let's inspect the beans provided by Spring Boot:
_relProvider
alpsController
alpsConverter
alpsJsonHttpMessageConverter
annotatedEventHandlerInvoker
annotationRelProvider
applicationAvailability
applicationJsonHalConfiguration
applicationTaskExecutor
associationLinks
auditableBeanWrapperFactory
backendIdConverterRegistry
backendIdHandlerMethodArgumentResolver
baseUri
basicErrorController
beanNameHandlerMapping
beanNameViewResolver
characterEncodingFilter
commandLineRunner
conventionErrorViewResolver
data-jpa.repository-aot-processor#0
dataSource
dataSourceScriptDatabaseInitializer
dbConfig
defaultConversionService
defaultMessageConverters
defaultRelProvider
defaultServletHandlerMapping
defaultViewResolver
delegatingEntityLinks
dispatcherServlet
dispatcherServletRegistration
eTagArgumentResolver
emBeanDefinitionRegistrarPostProcessor
entityLinks
entityLinksPluginRegistry
entityManagerFactory
entityManagerFactoryBuilder
enumTranslator
error
errorAttributes
errorPageCustomizer
errorPageRegistrarBeanPostProcessor
excerptProjector
fileWatcher
flashMapManager
formContentFilter
halFormsJacksonHttpMessageConverter
halFormsLinkDiscoverer
halFormsTemplatePropertyWriter
halJacksonHttpMessageConverter
halLinkDisocoverer
handlerExceptionResolver
handlerFunctionAdapter
helloWorldController
hikariPoolDataSourceMetadataProvider
httpHeadersPreparer
httpMessageConvertersRestClientCustomizer
httpRequestHandlerAdapter
hypermediaRepresentionModelProcessorConfigurator
hypermediaRestTemplateBeanPostProcessor
hypermediaRestTemplateConfigurer
hypermediaWebMvcConfigurer
hypermediaWebMvcConverters
jacksonGeoModule
jacksonHttpMessageConverter
jacksonObjectMapper
jacksonObjectMapperBuilder
jdbcClient
jdbcTemplate
jpa.UserRepository.fragments#0
jpa.named-queries#0
jpaContext
jpaHelper
jpaMappingContext
jpaSharedEM_AWC_entityManagerFactory
jpaSharedEM_entityManagerFactory
jpaVendorAdapter
jsonComponentModule
jsonMixinModule
jsonMixinModuleEntries
jsonSchemaConverter
lifecycleProcessor
linkCollector
linkDiscovererRegistry
linkDiscoverers
localeCharsetMappingsCustomizer
localeResolver
mappingJackson2HttpMessageConverter
messageConverters
messageResolver
metadataConfiguration
mockMvc
mockMvcBuilder
multipartConfigElement
multipartResolver
mvcContentNegotiationManager
mvcConversionService
mvcHandlerMappingIntrospector
mvcPathMatcher
mvcPatternParser
mvcResourceUrlProvider
mvcUriComponentsContributor
mvcUrlPathHelper
mvcValidator
mvcViewResolver
namedParameterJdbcTemplate
offsetResolver
openEntityManagerInViewInterceptor
openEntityManagerInViewInterceptorConfigurer
org.springframework.aop.config.internalAutoProxyCreator
org.springframework.boot.autoconfigure.AutoConfigurationPackages
org.springframework.boot.autoconfigure.aop.AopAutoConfiguration
org.springframework.boot.autoconfigure.aop.AopAutoConfiguration$AspectJAutoProxyingConfiguration
org.springframework.boot.autoconfigure.aop.AopAutoConfiguration$AspectJAutoProxyingConfiguration$CglibAutoProxyConfiguration
org.springframework.boot.autoconfigure.availability.ApplicationAvailabilityAutoConfiguration
org.springframework.boot.autoconfigure.context.ConfigurationPropertiesAutoConfiguration
org.springframework.boot.autoconfigure.context.LifecycleAutoConfiguration
org.springframework.boot.autoconfigure.context.PropertyPlaceholderAutoConfiguration
org.springframework.boot.autoconfigure.dao.PersistenceExceptionTranslationAutoConfiguration
org.springframework.boot.autoconfigure.data.rest.RepositoryRestMvcAutoConfiguration
org.springframework.boot.autoconfigure.hateoas.HypermediaAutoConfiguration
org.springframework.boot.autoconfigure.http.HttpMessageConvertersAutoConfiguration
org.springframework.boot.autoconfigure.http.HttpMessageConvertersAutoConfiguration$StringHttpMessageConverterConfiguration
org.springframework.boot.autoconfigure.http.JacksonHttpMessageConvertersConfiguration
org.springframework.boot.autoconfigure.http.JacksonHttpMessageConvertersConfiguration$MappingJackson2HttpMessageConverterConfiguration
org.springframework.boot.autoconfigure.info.ProjectInfoAutoConfiguration
org.springframework.boot.autoconfigure.internalCachingMetadataReaderFactory
org.springframework.boot.autoconfigure.jackson.JacksonAutoConfiguration
org.springframework.boot.autoconfigure.jackson.JacksonAutoConfiguration$Jackson2ObjectMapperBuilderCustomizerConfiguration
org.springframework.boot.autoconfigure.jackson.JacksonAutoConfiguration$JacksonMixinConfiguration
org.springframework.boot.autoconfigure.jackson.JacksonAutoConfiguration$JacksonObjectMapperBuilderConfiguration
org.springframework.boot.autoconfigure.jackson.JacksonAutoConfiguration$JacksonObjectMapperConfiguration
org.springframework.boot.autoconfigure.jackson.JacksonAutoConfiguration$ParameterNamesModuleConfiguration
org.springframework.boot.autoconfigure.jdbc.DataSourceAutoConfiguration
org.springframework.boot.autoconfigure.jdbc.DataSourceTransactionManagerAutoConfiguration
org.springframework.boot.autoconfigure.jdbc.DataSourceTransactionManagerAutoConfiguration$JdbcTransactionManagerConfiguration
org.springframework.boot.autoconfigure.jdbc.JdbcClientAutoConfiguration
org.springframework.boot.autoconfigure.jdbc.JdbcTemplateAutoConfiguration
org.springframework.boot.autoconfigure.jdbc.JdbcTemplateConfiguration
org.springframework.boot.autoconfigure.jdbc.NamedParameterJdbcTemplateConfiguration
org.springframework.boot.autoconfigure.jdbc.metadata.DataSourcePoolMetadataProvidersConfiguration
org.springframework.boot.autoconfigure.jdbc.metadata.DataSourcePoolMetadataProvidersConfiguration$HikariPoolDataSourceMetadataProviderConfiguration
org.springframework.boot.autoconfigure.orm.jpa.HibernateJpaAutoConfiguration
org.springframework.boot.autoconfigure.orm.jpa.HibernateJpaConfiguration
org.springframework.boot.autoconfigure.orm.jpa.JpaBaseConfiguration$JpaWebConfiguration
org.springframework.boot.autoconfigure.sql.init.DataSourceInitializationConfiguration
org.springframework.boot.autoconfigure.sql.init.SqlInitializationAutoConfiguration
org.springframework.boot.autoconfigure.ssl.SslAutoConfiguration
org.springframework.boot.autoconfigure.task.TaskExecutionAutoConfiguration
org.springframework.boot.autoconfigure.task.TaskExecutorConfigurations$SimpleAsyncTaskExecutorBuilderConfiguration
org.springframework.boot.autoconfigure.task.TaskExecutorConfigurations$TaskExecutorBuilderConfiguration
org.springframework.boot.autoconfigure.task.TaskExecutorConfigurations$TaskExecutorConfiguration
org.springframework.boot.autoconfigure.task.TaskExecutorConfigurations$ThreadPoolTaskExecutorBuilderConfiguration
org.springframework.boot.autoconfigure.task.TaskSchedulingAutoConfiguration
org.springframework.boot.autoconfigure.task.TaskSchedulingConfigurations$SimpleAsyncTaskSchedulerBuilderConfiguration
org.springframework.boot.autoconfigure.task.TaskSchedulingConfigurations$TaskSchedulerBuilderConfiguration
org.springframework.boot.autoconfigure.task.TaskSchedulingConfigurations$ThreadPoolTaskSchedulerBuilderConfiguration
org.springframework.boot.autoconfigure.transaction.TransactionAutoConfiguration
org.springframework.boot.autoconfigure.transaction.TransactionAutoConfiguration$EnableTransactionManagementConfiguration
org.springframework.boot.autoconfigure.transaction.TransactionAutoConfiguration$EnableTransactionManagementConfiguration$CglibAutoProxyConfiguration
org.springframework.boot.autoconfigure.transaction.TransactionAutoConfiguration$TransactionTemplateConfiguration
org.springframework.boot.autoconfigure.transaction.TransactionManagerCustomizationAutoConfiguration
org.springframework.boot.autoconfigure.transaction.jta.JtaAutoConfiguration
org.springframework.boot.autoconfigure.web.client.RestClientAutoConfiguration
org.springframework.boot.autoconfigure.web.client.RestTemplateAutoConfiguration
org.springframework.boot.autoconfigure.web.servlet.DispatcherServletAutoConfiguration
org.springframework.boot.autoconfigure.web.servlet.DispatcherServletAutoConfiguration$DispatcherServletConfiguration
org.springframework.boot.autoconfigure.web.servlet.DispatcherServletAutoConfiguration$DispatcherServletRegistrationConfiguration
org.springframework.boot.autoconfigure.web.servlet.HttpEncodingAutoConfiguration
org.springframework.boot.autoconfigure.web.servlet.MultipartAutoConfiguration
org.springframework.boot.autoconfigure.web.servlet.ServletWebServerFactoryAutoConfiguration
org.springframework.boot.autoconfigure.web.servlet.ServletWebServerFactoryConfiguration$EmbeddedTomcat
org.springframework.boot.autoconfigure.web.servlet.WebMvcAutoConfiguration
org.springframework.boot.autoconfigure.web.servlet.WebMvcAutoConfiguration$EnableWebMvcConfiguration
org.springframework.boot.autoconfigure.web.servlet.WebMvcAutoConfiguration$WebMvcAutoConfigurationAdapter
org.springframework.boot.autoconfigure.web.servlet.error.ErrorMvcAutoConfiguration
org.springframework.boot.autoconfigure.web.servlet.error.ErrorMvcAutoConfiguration$DefaultErrorViewResolverConfiguration
org.springframework.boot.autoconfigure.web.servlet.error.ErrorMvcAutoConfiguration$WhitelabelErrorViewConfiguration
org.springframework.boot.autoconfigure.websocket.servlet.WebSocketServletAutoConfiguration
org.springframework.boot.autoconfigure.websocket.servlet.WebSocketServletAutoConfiguration$TomcatWebSocketConfiguration
org.springframework.boot.context.internalConfigurationPropertiesBinder
org.springframework.boot.context.properties.BoundConfigurationProperties
org.springframework.boot.context.properties.ConfigurationPropertiesBindingPostProcessor
org.springframework.boot.context.properties.EnableConfigurationPropertiesRegistrar.methodValidationExcludeFilter
org.springframework.boot.sql.init.dependency.DatabaseInitializationDependencyConfigurer$DependsOnDatabaseInitializationPostProcessor
org.springframework.boot.test.autoconfigure.web.servlet.MockMvcAutoConfiguration
org.springframework.boot.test.context.ImportsContextCustomizer$ImportsCleanupPostProcessor
org.springframework.boot.test.mock.mockito.MockitoPostProcessor
org.springframework.boot.test.mock.mockito.MockitoPostProcessor$SpyPostProcessor
org.springframework.context.annotation.internalAutowiredAnnotationProcessor
org.springframework.context.annotation.internalCommonAnnotationProcessor
org.springframework.context.annotation.internalConfigurationAnnotationProcessor
org.springframework.context.annotation.internalPersistenceAnnotationProcessor
org.springframework.context.event.internalEventListenerFactory
org.springframework.context.event.internalEventListenerProcessor
org.springframework.data.jpa.repository.config.JpaRepositoryConfigExtension#0
org.springframework.data.jpa.repository.support.JpaEvaluationContextExtension
org.springframework.data.jpa.util.JpaMetamodelCacheCleanup
org.springframework.data.rest.webmvc.RestControllerConfiguration
org.springframework.data.rest.webmvc.config.RepositoryRestMvcConfiguration
org.springframework.data.web.config.SpringDataJacksonConfiguration
org.springframework.hateoas.config.HateoasConfiguration
org.springframework.hateoas.config.RestTemplateHateoasConfiguration
org.springframework.hateoas.config.WebMvcEntityLinksConfiguration
org.springframework.hateoas.config.WebMvcHateoasConfiguration
org.springframework.hateoas.config.WebTestHateoasConfiguration
org.springframework.hateoas.mediatype.hal.HalMediaTypeConfiguration
org.springframework.hateoas.mediatype.hal.forms.HalFormsMediaTypeConfiguration
org.springframework.transaction.annotation.ProxyTransactionManagementConfiguration
org.springframework.transaction.config.internalTransactionAdvisor
org.springframework.transaction.config.internalTransactionalEventListenerFactory
pageModule
pageableResolver
pagedResourcesAssembler
pagedResourcesAssemblerArgumentResolver
parameterNamesModule
persistenceExceptionTranslationPostProcessor
persistentEntities
persistentEntityArgumentResolver
persistentEntityResourceAssemblerArgumentResolver
platformTransactionManagerCustomizers
portfolioApplication
preserveErrorControllerTargetClassPostProcessor
profileController
profileResourceProcessor
projectionDefinitionRegistrar
propertySourcesPlaceholderConfigurer
relProviderPluginRegistry
repoRequestArgumentResolver
repositories
repositoryController
repositoryEntityController
repositoryExporterHandlerAdapter
repositoryInvokerFactory
repositoryPropertyReferenceController
repositoryRelProvider
repositoryRestConfiguration
repositoryRestExceptionHandler
repositorySchemaController
repositorySearchController
representationModelAssemblersArgumentResolver
representationModelProcessorInvoker
requestContextFilter
requestMappingHandlerAdapter
requestMappingHandlerMapping
resourceHandlerMapping
resourceMappings
resourceMetadataHandlerMethodArgumentResolver
restClientBuilder
restClientBuilderConfigurer
restClientSsl
restHandlerMapping
restTemplateBuilder
restTemplateBuilderConfigurer
routerFunctionMapping
selfLinkProvider
server-org.springframework.boot.autoconfigure.web.ServerProperties
servletWebServerFactoryCustomizer
simpleAsyncTaskExecutorBuilder
simpleAsyncTaskSchedulerBuilder
simpleControllerHandlerAdapter
slicedResourcesAssembler
slicedResourcesAssemblerArgumentResolver
sortResolver
spring.data.rest-org.springframework.boot.autoconfigure.data.rest.RepositoryRestProperties
spring.datasource-org.springframework.boot.autoconfigure.jdbc.DataSourceProperties
spring.hateoas-org.springframework.boot.autoconfigure.hateoas.HateoasProperties
spring.info-org.springframework.boot.autoconfigure.info.ProjectInfoProperties
spring.jackson-org.springframework.boot.autoconfigure.jackson.JacksonProperties
spring.jdbc-org.springframework.boot.autoconfigure.jdbc.JdbcProperties
spring.jpa-org.springframework.boot.autoconfigure.orm.jpa.JpaProperties
spring.jpa.hibernate-org.springframework.boot.autoconfigure.orm.jpa.HibernateProperties
spring.lifecycle-org.springframework.boot.autoconfigure.context.LifecycleProperties
spring.mvc-org.springframework.boot.autoconfigure.web.servlet.WebMvcProperties
spring.servlet.multipart-org.springframework.boot.autoconfigure.web.servlet.MultipartProperties
spring.sql.init-org.springframework.boot.autoconfigure.sql.init.SqlInitializationProperties
spring.ssl-org.springframework.boot.autoconfigure.ssl.SslProperties
spring.task.execution-org.springframework.boot.autoconfigure.task.TaskExecutionProperties
spring.task.scheduling-org.springframework.boot.autoconfigure.task.TaskSchedulingProperties
spring.transaction-org.springframework.boot.autoconfigure.transaction.TransactionProperties
spring.web-org.springframework.boot.autoconfigure.web.WebProperties
springBootMockMvcBuilderCustomizer
springBootRepositoryRestConfigurer
sslBundleRegistry
sslPropertiesSslBundleRegistrar
standardJacksonObjectMapperBuilderCustomizer
stringHttpMessageConverter
taskExecutorBuilder
taskSchedulerBuilder
themeResolver
threadPoolTaskExecutorBuilder
threadPoolTaskSchedulerBuilder
tomcatServletWebServerFactory
tomcatServletWebServerFactoryCustomizer
transactionAttributeSource
transactionExecutionListeners
transactionInterceptor
transactionManager
transactionTemplate
uriListHttpMessageConverter
userController
userRepository
userService
validatingRepositoryEventListener
viewControllerHandlerMapping
viewNameTranslator
viewResolver
webMvcEntityLinks
webMvcLinkBuilderFactory
webServerFactoryCustomizerBeanPostProcessor
webTestClientConfigurer
websocketServletWebServerCustomizer
welcomePageHandlerMapping
welcomePageNotAcceptableHandlerMapping
]]></system-out>
  </testcase>
</testsuite>